  main.cpp
  Jogo.cpp
  InputTexto.cpp
c:\users\andrellprado\documents\github\trabalho-do-grau-a\andre\libunicornio-master\projetos\exemplos_vs2015\exemplos\inputtexto\inputtexto.cpp(54): warning C4018: '<': incompatibilidade de signed/unsigned
c:\users\andrellprado\documents\github\trabalho-do-grau-a\andre\libunicornio-master\projetos\exemplos_vs2015\exemplos\inputtexto\inputtexto.cpp(126): warning C4244: '+=': conversão de 'float' para 'Sint16', possível perda de dados
c:\users\andrellprado\documents\github\trabalho-do-grau-a\andre\libunicornio-master\projetos\exemplos_vs2015\exemplos\inputtexto\inputtexto.cpp(129): warning C4244: '+=': conversão de 'float' para 'Sint16', possível perda de dados
c:\users\andrellprado\documents\github\trabalho-do-grau-a\andre\libunicornio-master\projetos\exemplos_vs2015\exemplos\inputtexto\inputtexto.cpp(140): warning C4244: '+=': conversão de 'float' para 'int', possível perda de dados
  Gerando Código...
InputTexto.obj : warning LNK4075: ignorando '/EDITANDCONTINUE' devido a especificação '/SAFESEH'
libUnicornio_d.lib(Audio.obj) : warning LNK4099: PDB 'libUnicornio-Windows.pdb' não foi encontrado 'libUnicornio_d.lib(Audio.obj)' ou no 'C:\Users\AndreLLPrado\Documents\GitHub\Trabalho-do-Grau-A\Andre\libUnicornio-master\projetos\exemplos_VS2015\bin\libUnicornio-Windows.pdb'; vinculando objeto quando quando sem nenhuma informação de depuração
libUnicornio_d.lib(GerenciadorDeMusica.obj) : warning LNK4099: PDB 'libUnicornio-Windows.pdb' não foi encontrado 'libUnicornio_d.lib(GerenciadorDeMusica.obj)' ou no 'C:\Users\AndreLLPrado\Documents\GitHub\Trabalho-do-Grau-A\Andre\libUnicornio-master\projetos\exemplos_VS2015\bin\libUnicornio-Windows.pdb'; vinculando objeto quando quando sem nenhuma informação de depuração
libUnicornio_d.lib(MixadorDeAudios.obj) : warning LNK4099: PDB 'libUnicornio-Windows.pdb' não foi encontrado 'libUnicornio_d.lib(MixadorDeAudios.obj)' ou no 'C:\Users\AndreLLPrado\Documents\GitHub\Trabalho-do-Grau-A\Andre\libUnicornio-master\projetos\exemplos_VS2015\bin\libUnicornio-Windows.pdb'; vinculando objeto quando quando sem nenhuma informação de depuração
libUnicornio_d.lib(Musica.obj) : warning LNK4099: PDB 'libUnicornio-Windows.pdb' não foi encontrado 'libUnicornio_d.lib(Musica.obj)' ou no 'C:\Users\AndreLLPrado\Documents\GitHub\Trabalho-do-Grau-A\Andre\libUnicornio-master\projetos\exemplos_VS2015\bin\libUnicornio-Windows.pdb'; vinculando objeto quando quando sem nenhuma informação de depuração
libUnicornio_d.lib(Som.obj) : warning LNK4099: PDB 'libUnicornio-Windows.pdb' não foi encontrado 'libUnicornio_d.lib(Som.obj)' ou no 'C:\Users\AndreLLPrado\Documents\GitHub\Trabalho-do-Grau-A\Andre\libUnicornio-master\projetos\exemplos_VS2015\bin\libUnicornio-Windows.pdb'; vinculando objeto quando quando sem nenhuma informação de depuração
libUnicornio_d.lib(uniTestarColisao.obj) : warning LNK4099: PDB 'libUnicornio-Windows.pdb' não foi encontrado 'libUnicornio_d.lib(uniTestarColisao.obj)' ou no 'C:\Users\AndreLLPrado\Documents\GitHub\Trabalho-do-Grau-A\Andre\libUnicornio-master\projetos\exemplos_VS2015\bin\libUnicornio-Windows.pdb'; vinculando objeto quando quando sem nenhuma informação de depuração
libUnicornio_d.lib(PainelDeDebug.obj) : warning LNK4099: PDB 'libUnicornio-Windows.pdb' não foi encontrado 'libUnicornio_d.lib(PainelDeDebug.obj)' ou no 'C:\Users\AndreLLPrado\Documents\GitHub\Trabalho-do-Grau-A\Andre\libUnicornio-master\projetos\exemplos_VS2015\bin\libUnicornio-Windows.pdb'; vinculando objeto quando quando sem nenhuma informação de depuração
libUnicornio_d.lib(GerenciadorDeEventos.obj) : warning LNK4099: PDB 'libUnicornio-Windows.pdb' não foi encontrado 'libUnicornio_d.lib(GerenciadorDeEventos.obj)' ou no 'C:\Users\AndreLLPrado\Documents\GitHub\Trabalho-do-Grau-A\Andre\libUnicornio-master\projetos\exemplos_VS2015\bin\libUnicornio-Windows.pdb'; vinculando objeto quando quando sem nenhuma informação de depuração
libUnicornio_d.lib(EventosInputTexto.obj) : warning LNK4099: PDB 'libUnicornio-Windows.pdb' não foi encontrado 'libUnicornio_d.lib(EventosInputTexto.obj)' ou no 'C:\Users\AndreLLPrado\Documents\GitHub\Trabalho-do-Grau-A\Andre\libUnicornio-master\projetos\exemplos_VS2015\bin\libUnicornio-Windows.pdb'; vinculando objeto quando quando sem nenhuma informação de depuração
libUnicornio_d.lib(EventosJoysticks.obj) : warning LNK4099: PDB 'libUnicornio-Windows.pdb' não foi encontrado 'libUnicornio_d.lib(EventosJoysticks.obj)' ou no 'C:\Users\AndreLLPrado\Documents\GitHub\Trabalho-do-Grau-A\Andre\libUnicornio-master\projetos\exemplos_VS2015\bin\libUnicornio-Windows.pdb'; vinculando objeto quando quando sem nenhuma informação de depuração
libUnicornio_d.lib(EventosMouse.obj) : warning LNK4099: PDB 'libUnicornio-Windows.pdb' não foi encontrado 'libUnicornio_d.lib(EventosMouse.obj)' ou no 'C:\Users\AndreLLPrado\Documents\GitHub\Trabalho-do-Grau-A\Andre\libUnicornio-master\projetos\exemplos_VS2015\bin\libUnicornio-Windows.pdb'; vinculando objeto quando quando sem nenhuma informação de depuração
libUnicornio_d.lib(EventosTeclado.obj) : warning LNK4099: PDB 'libUnicornio-Windows.pdb' não foi encontrado 'libUnicornio_d.lib(EventosTeclado.obj)' ou no 'C:\Users\AndreLLPrado\Documents\GitHub\Trabalho-do-Grau-A\Andre\libUnicornio-master\projetos\exemplos_VS2015\bin\libUnicornio-Windows.pdb'; vinculando objeto quando quando sem nenhuma informação de depuração
libUnicornio_d.lib(EventosToques.obj) : warning LNK4099: PDB 'libUnicornio-Windows.pdb' não foi encontrado 'libUnicornio_d.lib(EventosToques.obj)' ou no 'C:\Users\AndreLLPrado\Documents\GitHub\Trabalho-do-Grau-A\Andre\libUnicornio-master\projetos\exemplos_VS2015\bin\libUnicornio-Windows.pdb'; vinculando objeto quando quando sem nenhuma informação de depuração
libUnicornio_d.lib(Joystick.obj) : warning LNK4099: PDB 'libUnicornio-Windows.pdb' não foi encontrado 'libUnicornio_d.lib(Joystick.obj)' ou no 'C:\Users\AndreLLPrado\Documents\GitHub\Trabalho-do-Grau-A\Andre\libUnicornio-master\projetos\exemplos_VS2015\bin\libUnicornio-Windows.pdb'; vinculando objeto quando quando sem nenhuma informação de depuração
libUnicornio_d.lib(Global.obj) : warning LNK4099: PDB 'libUnicornio-Windows.pdb' não foi encontrado 'libUnicornio_d.lib(Global.obj)' ou no 'C:\Users\AndreLLPrado\Documents\GitHub\Trabalho-do-Grau-A\Andre\libUnicornio-master\projetos\exemplos_VS2015\bin\libUnicornio-Windows.pdb'; vinculando objeto quando quando sem nenhuma informação de depuração
libUnicornio_d.lib(jsoncpp.obj) : warning LNK4099: PDB 'libUnicornio-Windows.pdb' não foi encontrado 'libUnicornio_d.lib(jsoncpp.obj)' ou no 'C:\Users\AndreLLPrado\Documents\GitHub\Trabalho-do-Grau-A\Andre\libUnicornio-master\projetos\exemplos_VS2015\bin\libUnicornio-Windows.pdb'; vinculando objeto quando quando sem nenhuma informação de depuração
libUnicornio_d.lib(Quad.obj) : warning LNK4099: PDB 'libUnicornio-Windows.pdb' não foi encontrado 'libUnicornio_d.lib(Quad.obj)' ou no 'C:\Users\AndreLLPrado\Documents\GitHub\Trabalho-do-Grau-A\Andre\libUnicornio-master\projetos\exemplos_VS2015\bin\libUnicornio-Windows.pdb'; vinculando objeto quando quando sem nenhuma informação de depuração
libUnicornio_d.lib(GerenciadorDeRecursos.obj) : warning LNK4099: PDB 'libUnicornio-Windows.pdb' não foi encontrado 'libUnicornio_d.lib(GerenciadorDeRecursos.obj)' ou no 'C:\Users\AndreLLPrado\Documents\GitHub\Trabalho-do-Grau-A\Andre\libUnicornio-master\projetos\exemplos_VS2015\bin\libUnicornio-Windows.pdb'; vinculando objeto quando quando sem nenhuma informação de depuração
libUnicornio_d.lib(Cor.obj) : warning LNK4099: PDB 'libUnicornio-Windows.pdb' não foi encontrado 'libUnicornio_d.lib(Cor.obj)' ou no 'C:\Users\AndreLLPrado\Documents\GitHub\Trabalho-do-Grau-A\Andre\libUnicornio-master\projetos\exemplos_VS2015\bin\libUnicornio-Windows.pdb'; vinculando objeto quando quando sem nenhuma informação de depuração
libUnicornio_d.lib(Fading.obj) : warning LNK4099: PDB 'libUnicornio-Windows.pdb' não foi encontrado 'libUnicornio_d.lib(Fading.obj)' ou no 'C:\Users\AndreLLPrado\Documents\GitHub\Trabalho-do-Grau-A\Andre\libUnicornio-master\projetos\exemplos_VS2015\bin\libUnicornio-Windows.pdb'; vinculando objeto quando quando sem nenhuma informação de depuração
libUnicornio_d.lib(Fonte.obj) : warning LNK4099: PDB 'libUnicornio-Windows.pdb' não foi encontrado 'libUnicornio_d.lib(Fonte.obj)' ou no 'C:\Users\AndreLLPrado\Documents\GitHub\Trabalho-do-Grau-A\Andre\libUnicornio-master\projetos\exemplos_VS2015\bin\libUnicornio-Windows.pdb'; vinculando objeto quando quando sem nenhuma informação de depuração
libUnicornio_d.lib(GerenciadorDeGraficos.obj) : warning LNK4099: PDB 'libUnicornio-Windows.pdb' não foi encontrado 'libUnicornio_d.lib(GerenciadorDeGraficos.obj)' ou no 'C:\Users\AndreLLPrado\Documents\GitHub\Trabalho-do-Grau-A\Andre\libUnicornio-master\projetos\exemplos_VS2015\bin\libUnicornio-Windows.pdb'; vinculando objeto quando quando sem nenhuma informação de depuração
libUnicornio_d.lib(Janela.obj) : warning LNK4099: PDB 'libUnicornio-Windows.pdb' não foi encontrado 'libUnicornio_d.lib(Janela.obj)' ou no 'C:\Users\AndreLLPrado\Documents\GitHub\Trabalho-do-Grau-A\Andre\libUnicornio-master\projetos\exemplos_VS2015\bin\libUnicornio-Windows.pdb'; vinculando objeto quando quando sem nenhuma informação de depuração
libUnicornio_d.lib(SpriteSheet.obj) : warning LNK4099: PDB 'libUnicornio-Windows.pdb' não foi encontrado 'libUnicornio_d.lib(SpriteSheet.obj)' ou no 'C:\Users\AndreLLPrado\Documents\GitHub\Trabalho-do-Grau-A\Andre\libUnicornio-master\projetos\exemplos_VS2015\bin\libUnicornio-Windows.pdb'; vinculando objeto quando quando sem nenhuma informação de depuração
libUnicornio_d.lib(Texto.obj) : warning LNK4099: PDB 'libUnicornio-Windows.pdb' não foi encontrado 'libUnicornio_d.lib(Texto.obj)' ou no 'C:\Users\AndreLLPrado\Documents\GitHub\Trabalho-do-Grau-A\Andre\libUnicornio-master\projetos\exemplos_VS2015\bin\libUnicornio-Windows.pdb'; vinculando objeto quando quando sem nenhuma informação de depuração
libUnicornio_d.lib(Textura.obj) : warning LNK4099: PDB 'libUnicornio-Windows.pdb' não foi encontrado 'libUnicornio_d.lib(Textura.obj)' ou no 'C:\Users\AndreLLPrado\Documents\GitHub\Trabalho-do-Grau-A\Andre\libUnicornio-master\projetos\exemplos_VS2015\bin\libUnicornio-Windows.pdb'; vinculando objeto quando quando sem nenhuma informação de depuração
libUnicornio_d.lib(TexturaBase.obj) : warning LNK4099: PDB 'libUnicornio-Windows.pdb' não foi encontrado 'libUnicornio_d.lib(TexturaBase.obj)' ou no 'C:\Users\AndreLLPrado\Documents\GitHub\Trabalho-do-Grau-A\Andre\libUnicornio-master\projetos\exemplos_VS2015\bin\libUnicornio-Windows.pdb'; vinculando objeto quando quando sem nenhuma informação de depuração
libUnicornio_d.lib(GerenciadorDeStrings.obj) : warning LNK4099: PDB 'libUnicornio-Windows.pdb' não foi encontrado 'libUnicornio_d.lib(GerenciadorDeStrings.obj)' ou no 'C:\Users\AndreLLPrado\Documents\GitHub\Trabalho-do-Grau-A\Andre\libUnicornio-master\projetos\exemplos_VS2015\bin\libUnicornio-Windows.pdb'; vinculando objeto quando quando sem nenhuma informação de depuração
libUnicornio_d.lib(GrupoDeStrings.obj) : warning LNK4099: PDB 'libUnicornio-Windows.pdb' não foi encontrado 'libUnicornio_d.lib(GrupoDeStrings.obj)' ou no 'C:\Users\AndreLLPrado\Documents\GitHub\Trabalho-do-Grau-A\Andre\libUnicornio-master\projetos\exemplos_VS2015\bin\libUnicornio-Windows.pdb'; vinculando objeto quando quando sem nenhuma informação de depuração
libUnicornio_d.lib(GerenciadorDeTempo.obj) : warning LNK4099: PDB 'libUnicornio-Windows.pdb' não foi encontrado 'libUnicornio_d.lib(GerenciadorDeTempo.obj)' ou no 'C:\Users\AndreLLPrado\Documents\GitHub\Trabalho-do-Grau-A\Andre\libUnicornio-master\projetos\exemplos_VS2015\bin\libUnicornio-Windows.pdb'; vinculando objeto quando quando sem nenhuma informação de depuração
libUnicornio_d.lib(uniFuncoesPrincipais.obj) : warning LNK4099: PDB 'libUnicornio-Windows.pdb' não foi encontrado 'libUnicornio_d.lib(uniFuncoesPrincipais.obj)' ou no 'C:\Users\AndreLLPrado\Documents\GitHub\Trabalho-do-Grau-A\Andre\libUnicornio-master\projetos\exemplos_VS2015\bin\libUnicornio-Windows.pdb'; vinculando objeto quando quando sem nenhuma informação de depuração
libUnicornio_d.lib(Vetor2D.obj) : warning LNK4099: PDB 'libUnicornio-Windows.pdb' não foi encontrado 'libUnicornio_d.lib(Vetor2D.obj)' ou no 'C:\Users\AndreLLPrado\Documents\GitHub\Trabalho-do-Grau-A\Andre\libUnicornio-master\projetos\exemplos_VS2015\bin\libUnicornio-Windows.pdb'; vinculando objeto quando quando sem nenhuma informação de depuração
  InputTexto.vcxproj -> C:\Users\AndreLLPrado\Documents\GitHub\Trabalho-do-Grau-A\Andre\libUnicornio-master\projetos\exemplos_VS2015\bin\Exemplo - InputTexto-debug.exe
  InputTexto.vcxproj -> C:\Users\AndreLLPrado\Documents\GitHub\Trabalho-do-Grau-A\Andre\libUnicornio-master\projetos\exemplos_VS2015\bin\Exemplo - InputTexto-debug.pdb (Full PDB)
