c:\users\andrellprado\documents\github\trabalho-do-grau-a\andre\libunicornio-master\projetos\trabgb\debug\vc141.pdb
c:\users\andrellprado\documents\github\trabalho-do-grau-a\andre\libunicornio-master\projetos\trabgb\debug\vc141.idb
c:\users\andrellprado\documents\github\trabalho-do-grau-a\andre\libunicornio-master\projetos\trabgb\debug\carregadorassets.obj
c:\users\andrellprado\documents\github\trabalho-do-grau-a\andre\libunicornio-master\projetos\trabgb\debug\inimigo.obj
c:\users\andrellprado\documents\github\trabalho-do-grau-a\andre\libunicornio-master\projetos\trabgb\debug\inputtexto.obj
c:\users\andrellprado\documents\github\trabalho-do-grau-a\andre\libunicornio-master\projetos\trabgb\debug\jogo.obj
c:\users\andrellprado\documents\github\trabalho-do-grau-a\andre\libunicornio-master\projetos\trabgb\debug\knight.obj
c:\users\andrellprado\documents\github\trabalho-do-grau-a\andre\libunicornio-master\projetos\trabgb\debug\mage.obj
c:\users\andrellprado\documents\github\trabalho-do-grau-a\andre\libunicornio-master\projetos\trabgb\debug\main.obj
c:\users\andrellprado\documents\github\trabalho-do-grau-a\andre\libunicornio-master\projetos\trabgb\debug\persobase.obj
c:\users\andrellprado\documents\github\trabalho-do-grau-a\andre\libunicornio-master\projetos\trabgb\debug\rouge.obj
c:\users\andrellprado\documents\github\trabalho-do-grau-a\andre\libunicornio-master\projetos\trabgb\debug\sistemalogin.obj
c:\users\andrellprado\documents\github\trabalho-do-grau-a\andre\libunicornio-master\projetos\trabgb\debug\sistemaranking.obj
c:\users\andrellprado\documents\github\trabalho-do-grau-a\andre\libunicornio-master\projetos\trabgb\bin\base-debug.exe
c:\users\andrellprado\documents\github\trabalho-do-grau-a\andre\libunicornio-master\projetos\trabgb\bin\base-debug.ilk
c:\users\andrellprado\documents\github\trabalho-do-grau-a\andre\libunicornio-master\projetos\trabgb\bin\base-debug.pdb
c:\users\andrellprado\documents\github\trabalho-do-grau-a\andre\libunicornio-master\projetos\trabgb\debug\base.tlog\cl.command.1.tlog
c:\users\andrellprado\documents\github\trabalho-do-grau-a\andre\libunicornio-master\projetos\trabgb\debug\base.tlog\cl.read.1.tlog
c:\users\andrellprado\documents\github\trabalho-do-grau-a\andre\libunicornio-master\projetos\trabgb\debug\base.tlog\cl.write.1.tlog
c:\users\andrellprado\documents\github\trabalho-do-grau-a\andre\libunicornio-master\projetos\trabgb\debug\base.tlog\link.command.1.tlog
c:\users\andrellprado\documents\github\trabalho-do-grau-a\andre\libunicornio-master\projetos\trabgb\debug\base.tlog\link.read.1.tlog
c:\users\andrellprado\documents\github\trabalho-do-grau-a\andre\libunicornio-master\projetos\trabgb\debug\base.tlog\link.write.1.tlog
