  SistemaRanking.cpp
  SistemaLogin.cpp
  Rouge.cpp
  PersoBase.cpp
c:\users\andrellprado\documents\github\trabalho-do-grau-a\andre\libunicornio-master\projetos\trabgb\persobase.cpp(9): warning C4305: '=': truncamento de 'int' para 'bool'
  main.cpp
  Mage.cpp
  Knight.cpp
  Jogo.cpp
c:\users\andrellprado\documents\github\trabalho-do-grau-a\andre\libunicornio-master\projetos\trabgb\jogo.cpp(65): warning C4244: 'argumento': conversão de 'int' para 'float', possível perda de dados
c:\users\andrellprado\documents\github\trabalho-do-grau-a\andre\libunicornio-master\projetos\trabgb\jogo.cpp(69): warning C4244: 'argumento': conversão de 'int' para 'float', possível perda de dados
c:\users\andrellprado\documents\github\trabalho-do-grau-a\andre\libunicornio-master\projetos\trabgb\jogo.cpp(73): warning C4244: 'argumento': conversão de 'int' para 'float', possível perda de dados
c:\users\andrellprado\documents\github\trabalho-do-grau-a\andre\libunicornio-master\projetos\trabgb\jogo.cpp(77): warning C4244: 'argumento': conversão de 'int' para 'float', possível perda de dados
c:\users\andrellprado\documents\github\trabalho-do-grau-a\andre\libunicornio-master\projetos\trabgb\jogo.cpp(81): warning C4244: 'argumento': conversão de 'int' para 'float', possível perda de dados
c:\users\andrellprado\documents\github\trabalho-do-grau-a\andre\libunicornio-master\projetos\trabgb\jogo.cpp(85): warning C4244: 'argumento': conversão de 'int' para 'float', possível perda de dados
c:\users\andrellprado\documents\github\trabalho-do-grau-a\andre\libunicornio-master\projetos\trabgb\jogo.cpp(89): warning C4244: 'argumento': conversão de 'int' para 'float', possível perda de dados
c:\users\andrellprado\documents\github\trabalho-do-grau-a\andre\libunicornio-master\projetos\trabgb\jogo.cpp(93): warning C4244: 'argumento': conversão de 'int' para 'float', possível perda de dados
c:\users\andrellprado\documents\github\trabalho-do-grau-a\andre\libunicornio-master\projetos\trabgb\jogo.cpp(97): warning C4244: 'argumento': conversão de 'int' para 'float', possível perda de dados
  InputTexto.cpp
c:\users\andrellprado\documents\github\trabalho-do-grau-a\andre\libunicornio-master\projetos\trabgb\inputtexto.cpp(50): warning C4018: '<': incompatibilidade de signed/unsigned
c:\users\andrellprado\documents\github\trabalho-do-grau-a\andre\libunicornio-master\projetos\trabgb\inputtexto.cpp(111): warning C4244: '+=': conversão de 'float' para 'Sint16', possível perda de dados
c:\users\andrellprado\documents\github\trabalho-do-grau-a\andre\libunicornio-master\projetos\trabgb\inputtexto.cpp(114): warning C4244: '+=': conversão de 'float' para 'Sint16', possível perda de dados
c:\users\andrellprado\documents\github\trabalho-do-grau-a\andre\libunicornio-master\projetos\trabgb\inputtexto.cpp(125): warning C4244: '+=': conversão de 'float' para 'int', possível perda de dados
  Inimigo.cpp
  CarregadorAssets.cpp
  Gerando Código...
c:\users\andrellprado\documents\github\trabalho-do-grau-a\andre\libunicornio-master\projetos\trabgb\sistemalogin.cpp(334): warning C4715: 'SistemaLogin::percorrerUsuario': nem todos os caminhos de controle retornam um valor
c:\users\andrellprado\documents\github\trabalho-do-grau-a\andre\libunicornio-master\projetos\trabgb\sistemalogin.cpp(311): warning C4715: 'SistemaLogin::iniciarLogin': nem todos os caminhos de controle retornam um valor
c:\users\andrellprado\documents\github\trabalho-do-grau-a\andre\libunicornio-master\projetos\trabgb\sistemalogin.cpp(203): warning C4715: 'SistemaLogin::iniciarCadastro': nem todos os caminhos de controle retornam um valor
CarregadorAssets.obj : warning LNK4075: ignorando '/EDITANDCONTINUE' devido a especificação '/SAFESEH'
libUnicornio_d.lib(Audio.obj) : warning LNK4099: PDB 'libUnicornio-Windows.pdb' não foi encontrado 'libUnicornio_d.lib(Audio.obj)' ou no 'C:\Users\AndreLLPrado\Documents\GitHub\Trabalho-do-Grau-A\Andre\libUnicornio-master\projetos\TrabGB\bin\libUnicornio-Windows.pdb'; vinculando objeto quando quando sem nenhuma informação de depuração
libUnicornio_d.lib(GerenciadorDeMusica.obj) : warning LNK4099: PDB 'libUnicornio-Windows.pdb' não foi encontrado 'libUnicornio_d.lib(GerenciadorDeMusica.obj)' ou no 'C:\Users\AndreLLPrado\Documents\GitHub\Trabalho-do-Grau-A\Andre\libUnicornio-master\projetos\TrabGB\bin\libUnicornio-Windows.pdb'; vinculando objeto quando quando sem nenhuma informação de depuração
libUnicornio_d.lib(MixadorDeAudios.obj) : warning LNK4099: PDB 'libUnicornio-Windows.pdb' não foi encontrado 'libUnicornio_d.lib(MixadorDeAudios.obj)' ou no 'C:\Users\AndreLLPrado\Documents\GitHub\Trabalho-do-Grau-A\Andre\libUnicornio-master\projetos\TrabGB\bin\libUnicornio-Windows.pdb'; vinculando objeto quando quando sem nenhuma informação de depuração
libUnicornio_d.lib(Musica.obj) : warning LNK4099: PDB 'libUnicornio-Windows.pdb' não foi encontrado 'libUnicornio_d.lib(Musica.obj)' ou no 'C:\Users\AndreLLPrado\Documents\GitHub\Trabalho-do-Grau-A\Andre\libUnicornio-master\projetos\TrabGB\bin\libUnicornio-Windows.pdb'; vinculando objeto quando quando sem nenhuma informação de depuração
libUnicornio_d.lib(Som.obj) : warning LNK4099: PDB 'libUnicornio-Windows.pdb' não foi encontrado 'libUnicornio_d.lib(Som.obj)' ou no 'C:\Users\AndreLLPrado\Documents\GitHub\Trabalho-do-Grau-A\Andre\libUnicornio-master\projetos\TrabGB\bin\libUnicornio-Windows.pdb'; vinculando objeto quando quando sem nenhuma informação de depuração
libUnicornio_d.lib(uniTestarColisao.obj) : warning LNK4099: PDB 'libUnicornio-Windows.pdb' não foi encontrado 'libUnicornio_d.lib(uniTestarColisao.obj)' ou no 'C:\Users\AndreLLPrado\Documents\GitHub\Trabalho-do-Grau-A\Andre\libUnicornio-master\projetos\TrabGB\bin\libUnicornio-Windows.pdb'; vinculando objeto quando quando sem nenhuma informação de depuração
libUnicornio_d.lib(PainelDeDebug.obj) : warning LNK4099: PDB 'libUnicornio-Windows.pdb' não foi encontrado 'libUnicornio_d.lib(PainelDeDebug.obj)' ou no 'C:\Users\AndreLLPrado\Documents\GitHub\Trabalho-do-Grau-A\Andre\libUnicornio-master\projetos\TrabGB\bin\libUnicornio-Windows.pdb'; vinculando objeto quando quando sem nenhuma informação de depuração
libUnicornio_d.lib(GerenciadorDeEventos.obj) : warning LNK4099: PDB 'libUnicornio-Windows.pdb' não foi encontrado 'libUnicornio_d.lib(GerenciadorDeEventos.obj)' ou no 'C:\Users\AndreLLPrado\Documents\GitHub\Trabalho-do-Grau-A\Andre\libUnicornio-master\projetos\TrabGB\bin\libUnicornio-Windows.pdb'; vinculando objeto quando quando sem nenhuma informação de depuração
libUnicornio_d.lib(EventosInputTexto.obj) : warning LNK4099: PDB 'libUnicornio-Windows.pdb' não foi encontrado 'libUnicornio_d.lib(EventosInputTexto.obj)' ou no 'C:\Users\AndreLLPrado\Documents\GitHub\Trabalho-do-Grau-A\Andre\libUnicornio-master\projetos\TrabGB\bin\libUnicornio-Windows.pdb'; vinculando objeto quando quando sem nenhuma informação de depuração
libUnicornio_d.lib(EventosJoysticks.obj) : warning LNK4099: PDB 'libUnicornio-Windows.pdb' não foi encontrado 'libUnicornio_d.lib(EventosJoysticks.obj)' ou no 'C:\Users\AndreLLPrado\Documents\GitHub\Trabalho-do-Grau-A\Andre\libUnicornio-master\projetos\TrabGB\bin\libUnicornio-Windows.pdb'; vinculando objeto quando quando sem nenhuma informação de depuração
libUnicornio_d.lib(EventosMouse.obj) : warning LNK4099: PDB 'libUnicornio-Windows.pdb' não foi encontrado 'libUnicornio_d.lib(EventosMouse.obj)' ou no 'C:\Users\AndreLLPrado\Documents\GitHub\Trabalho-do-Grau-A\Andre\libUnicornio-master\projetos\TrabGB\bin\libUnicornio-Windows.pdb'; vinculando objeto quando quando sem nenhuma informação de depuração
libUnicornio_d.lib(EventosTeclado.obj) : warning LNK4099: PDB 'libUnicornio-Windows.pdb' não foi encontrado 'libUnicornio_d.lib(EventosTeclado.obj)' ou no 'C:\Users\AndreLLPrado\Documents\GitHub\Trabalho-do-Grau-A\Andre\libUnicornio-master\projetos\TrabGB\bin\libUnicornio-Windows.pdb'; vinculando objeto quando quando sem nenhuma informação de depuração
libUnicornio_d.lib(EventosToques.obj) : warning LNK4099: PDB 'libUnicornio-Windows.pdb' não foi encontrado 'libUnicornio_d.lib(EventosToques.obj)' ou no 'C:\Users\AndreLLPrado\Documents\GitHub\Trabalho-do-Grau-A\Andre\libUnicornio-master\projetos\TrabGB\bin\libUnicornio-Windows.pdb'; vinculando objeto quando quando sem nenhuma informação de depuração
libUnicornio_d.lib(Joystick.obj) : warning LNK4099: PDB 'libUnicornio-Windows.pdb' não foi encontrado 'libUnicornio_d.lib(Joystick.obj)' ou no 'C:\Users\AndreLLPrado\Documents\GitHub\Trabalho-do-Grau-A\Andre\libUnicornio-master\projetos\TrabGB\bin\libUnicornio-Windows.pdb'; vinculando objeto quando quando sem nenhuma informação de depuração
libUnicornio_d.lib(Global.obj) : warning LNK4099: PDB 'libUnicornio-Windows.pdb' não foi encontrado 'libUnicornio_d.lib(Global.obj)' ou no 'C:\Users\AndreLLPrado\Documents\GitHub\Trabalho-do-Grau-A\Andre\libUnicornio-master\projetos\TrabGB\bin\libUnicornio-Windows.pdb'; vinculando objeto quando quando sem nenhuma informação de depuração
libUnicornio_d.lib(BotaoSprite.obj) : warning LNK4099: PDB 'libUnicornio-Windows.pdb' não foi encontrado 'libUnicornio_d.lib(BotaoSprite.obj)' ou no 'C:\Users\AndreLLPrado\Documents\GitHub\Trabalho-do-Grau-A\Andre\libUnicornio-master\projetos\TrabGB\bin\libUnicornio-Windows.pdb'; vinculando objeto quando quando sem nenhuma informação de depuração
libUnicornio_d.lib(jsoncpp.obj) : warning LNK4099: PDB 'libUnicornio-Windows.pdb' não foi encontrado 'libUnicornio_d.lib(jsoncpp.obj)' ou no 'C:\Users\AndreLLPrado\Documents\GitHub\Trabalho-do-Grau-A\Andre\libUnicornio-master\projetos\TrabGB\bin\libUnicornio-Windows.pdb'; vinculando objeto quando quando sem nenhuma informação de depuração
libUnicornio_d.lib(Quad.obj) : warning LNK4099: PDB 'libUnicornio-Windows.pdb' não foi encontrado 'libUnicornio_d.lib(Quad.obj)' ou no 'C:\Users\AndreLLPrado\Documents\GitHub\Trabalho-do-Grau-A\Andre\libUnicornio-master\projetos\TrabGB\bin\libUnicornio-Windows.pdb'; vinculando objeto quando quando sem nenhuma informação de depuração
libUnicornio_d.lib(GerenciadorDeRecursos.obj) : warning LNK4099: PDB 'libUnicornio-Windows.pdb' não foi encontrado 'libUnicornio_d.lib(GerenciadorDeRecursos.obj)' ou no 'C:\Users\AndreLLPrado\Documents\GitHub\Trabalho-do-Grau-A\Andre\libUnicornio-master\projetos\TrabGB\bin\libUnicornio-Windows.pdb'; vinculando objeto quando quando sem nenhuma informação de depuração
libUnicornio_d.lib(Cor.obj) : warning LNK4099: PDB 'libUnicornio-Windows.pdb' não foi encontrado 'libUnicornio_d.lib(Cor.obj)' ou no 'C:\Users\AndreLLPrado\Documents\GitHub\Trabalho-do-Grau-A\Andre\libUnicornio-master\projetos\TrabGB\bin\libUnicornio-Windows.pdb'; vinculando objeto quando quando sem nenhuma informação de depuração
libUnicornio_d.lib(Fading.obj) : warning LNK4099: PDB 'libUnicornio-Windows.pdb' não foi encontrado 'libUnicornio_d.lib(Fading.obj)' ou no 'C:\Users\AndreLLPrado\Documents\GitHub\Trabalho-do-Grau-A\Andre\libUnicornio-master\projetos\TrabGB\bin\libUnicornio-Windows.pdb'; vinculando objeto quando quando sem nenhuma informação de depuração
libUnicornio_d.lib(Fonte.obj) : warning LNK4099: PDB 'libUnicornio-Windows.pdb' não foi encontrado 'libUnicornio_d.lib(Fonte.obj)' ou no 'C:\Users\AndreLLPrado\Documents\GitHub\Trabalho-do-Grau-A\Andre\libUnicornio-master\projetos\TrabGB\bin\libUnicornio-Windows.pdb'; vinculando objeto quando quando sem nenhuma informação de depuração
libUnicornio_d.lib(GerenciadorDeGraficos.obj) : warning LNK4099: PDB 'libUnicornio-Windows.pdb' não foi encontrado 'libUnicornio_d.lib(GerenciadorDeGraficos.obj)' ou no 'C:\Users\AndreLLPrado\Documents\GitHub\Trabalho-do-Grau-A\Andre\libUnicornio-master\projetos\TrabGB\bin\libUnicornio-Windows.pdb'; vinculando objeto quando quando sem nenhuma informação de depuração
libUnicornio_d.lib(Janela.obj) : warning LNK4099: PDB 'libUnicornio-Windows.pdb' não foi encontrado 'libUnicornio_d.lib(Janela.obj)' ou no 'C:\Users\AndreLLPrado\Documents\GitHub\Trabalho-do-Grau-A\Andre\libUnicornio-master\projetos\TrabGB\bin\libUnicornio-Windows.pdb'; vinculando objeto quando quando sem nenhuma informação de depuração
libUnicornio_d.lib(Sprite.obj) : warning LNK4099: PDB 'libUnicornio-Windows.pdb' não foi encontrado 'libUnicornio_d.lib(Sprite.obj)' ou no 'C:\Users\AndreLLPrado\Documents\GitHub\Trabalho-do-Grau-A\Andre\libUnicornio-master\projetos\TrabGB\bin\libUnicornio-Windows.pdb'; vinculando objeto quando quando sem nenhuma informação de depuração
libUnicornio_d.lib(SpriteSheet.obj) : warning LNK4099: PDB 'libUnicornio-Windows.pdb' não foi encontrado 'libUnicornio_d.lib(SpriteSheet.obj)' ou no 'C:\Users\AndreLLPrado\Documents\GitHub\Trabalho-do-Grau-A\Andre\libUnicornio-master\projetos\TrabGB\bin\libUnicornio-Windows.pdb'; vinculando objeto quando quando sem nenhuma informação de depuração
libUnicornio_d.lib(Texto.obj) : warning LNK4099: PDB 'libUnicornio-Windows.pdb' não foi encontrado 'libUnicornio_d.lib(Texto.obj)' ou no 'C:\Users\AndreLLPrado\Documents\GitHub\Trabalho-do-Grau-A\Andre\libUnicornio-master\projetos\TrabGB\bin\libUnicornio-Windows.pdb'; vinculando objeto quando quando sem nenhuma informação de depuração
libUnicornio_d.lib(Textura.obj) : warning LNK4099: PDB 'libUnicornio-Windows.pdb' não foi encontrado 'libUnicornio_d.lib(Textura.obj)' ou no 'C:\Users\AndreLLPrado\Documents\GitHub\Trabalho-do-Grau-A\Andre\libUnicornio-master\projetos\TrabGB\bin\libUnicornio-Windows.pdb'; vinculando objeto quando quando sem nenhuma informação de depuração
libUnicornio_d.lib(TexturaBase.obj) : warning LNK4099: PDB 'libUnicornio-Windows.pdb' não foi encontrado 'libUnicornio_d.lib(TexturaBase.obj)' ou no 'C:\Users\AndreLLPrado\Documents\GitHub\Trabalho-do-Grau-A\Andre\libUnicornio-master\projetos\TrabGB\bin\libUnicornio-Windows.pdb'; vinculando objeto quando quando sem nenhuma informação de depuração
libUnicornio_d.lib(GerenciadorDeStrings.obj) : warning LNK4099: PDB 'libUnicornio-Windows.pdb' não foi encontrado 'libUnicornio_d.lib(GerenciadorDeStrings.obj)' ou no 'C:\Users\AndreLLPrado\Documents\GitHub\Trabalho-do-Grau-A\Andre\libUnicornio-master\projetos\TrabGB\bin\libUnicornio-Windows.pdb'; vinculando objeto quando quando sem nenhuma informação de depuração
libUnicornio_d.lib(GrupoDeStrings.obj) : warning LNK4099: PDB 'libUnicornio-Windows.pdb' não foi encontrado 'libUnicornio_d.lib(GrupoDeStrings.obj)' ou no 'C:\Users\AndreLLPrado\Documents\GitHub\Trabalho-do-Grau-A\Andre\libUnicornio-master\projetos\TrabGB\bin\libUnicornio-Windows.pdb'; vinculando objeto quando quando sem nenhuma informação de depuração
libUnicornio_d.lib(GerenciadorDeTempo.obj) : warning LNK4099: PDB 'libUnicornio-Windows.pdb' não foi encontrado 'libUnicornio_d.lib(GerenciadorDeTempo.obj)' ou no 'C:\Users\AndreLLPrado\Documents\GitHub\Trabalho-do-Grau-A\Andre\libUnicornio-master\projetos\TrabGB\bin\libUnicornio-Windows.pdb'; vinculando objeto quando quando sem nenhuma informação de depuração
libUnicornio_d.lib(uniFuncoesPrincipais.obj) : warning LNK4099: PDB 'libUnicornio-Windows.pdb' não foi encontrado 'libUnicornio_d.lib(uniFuncoesPrincipais.obj)' ou no 'C:\Users\AndreLLPrado\Documents\GitHub\Trabalho-do-Grau-A\Andre\libUnicornio-master\projetos\TrabGB\bin\libUnicornio-Windows.pdb'; vinculando objeto quando quando sem nenhuma informação de depuração
libUnicornio_d.lib(Vetor2D.obj) : warning LNK4099: PDB 'libUnicornio-Windows.pdb' não foi encontrado 'libUnicornio_d.lib(Vetor2D.obj)' ou no 'C:\Users\AndreLLPrado\Documents\GitHub\Trabalho-do-Grau-A\Andre\libUnicornio-master\projetos\TrabGB\bin\libUnicornio-Windows.pdb'; vinculando objeto quando quando sem nenhuma informação de depuração
  base.vcxproj -> C:\Users\AndreLLPrado\Documents\GitHub\Trabalho-do-Grau-A\Andre\libUnicornio-master\projetos\TrabGB\bin\base-debug.exe
  base.vcxproj -> C:\Users\AndreLLPrado\Documents\GitHub\Trabalho-do-Grau-A\Andre\libUnicornio-master\projetos\TrabGB\bin\base-debug.pdb (Full PDB)
